mode: atomic
github.com/cristian980829/PRUEBA-TECNICA-KUASAR/controllers/products.go:29.36,34.49 2 0
github.com/cristian980829/PRUEBA-TECNICA-KUASAR/controllers/products.go:40.2,65.47 5 0
github.com/cristian980829/PRUEBA-TECNICA-KUASAR/controllers/products.go:34.49,37.3 2 0
github.com/cristian980829/PRUEBA-TECNICA-KUASAR/controllers/products.go:70.35,79.2 3 0
github.com/cristian980829/PRUEBA-TECNICA-KUASAR/controllers/products.go:83.37,88.87 2 0
github.com/cristian980829/PRUEBA-TECNICA-KUASAR/controllers/products.go:94.2,94.47 1 0
github.com/cristian980829/PRUEBA-TECNICA-KUASAR/controllers/products.go:88.87,91.3 2 0
github.com/cristian980829/PRUEBA-TECNICA-KUASAR/controllers/products.go:99.36,103.87 2 0
github.com/cristian980829/PRUEBA-TECNICA-KUASAR/controllers/products.go:109.2,109.51 1 0
github.com/cristian980829/PRUEBA-TECNICA-KUASAR/controllers/products.go:115.2,127.47 5 0
github.com/cristian980829/PRUEBA-TECNICA-KUASAR/controllers/products.go:103.87,106.3 2 0
github.com/cristian980829/PRUEBA-TECNICA-KUASAR/controllers/products.go:109.51,112.3 2 0
github.com/cristian980829/PRUEBA-TECNICA-KUASAR/controllers/products.go:133.36,138.87 2 0
github.com/cristian980829/PRUEBA-TECNICA-KUASAR/controllers/products.go:144.2,147.44 2 0
github.com/cristian980829/PRUEBA-TECNICA-KUASAR/controllers/products.go:138.87,141.3 2 0
github.com/cristian980829/PRUEBA-TECNICA-KUASAR/controllers/products.go:152.33,160.16 3 0
github.com/cristian980829/PRUEBA-TECNICA-KUASAR/controllers/products.go:165.2,168.29 2 0
github.com/cristian980829/PRUEBA-TECNICA-KUASAR/controllers/products.go:160.16,162.3 1 0
